<?xml version="1.0" encoding="UTF-8"?>
<!-- Generated by org.testng.reporters.JUnitXMLReporter -->
<testsuite ignored="1" hostname="DESKTOP-70IQL56" failures="1" tests="1" name="Default test(failed)" time="8.515" errors="0" timestamp="2024-01-13T12:29:01 PST">
  <testcase classname="tests.Assertions_Hard" name="test1" time="0.036">
    <failure type="java.lang.AssertionError" message="expected [Maven Repository: Search/Browse/Explore3] but found [Maven Repository: Search/Browse/Explore]">
      <![CDATA[java.lang.AssertionError: expected [Maven Repository: Search/Browse/Explore3] but found [Maven Repository: Search/Browse/Explore]
at tests.Assertions_Hard.test1(Assertions_Hard.java:42)
at java.base/java.util.ArrayList.forEach(ArrayList.java:1511)
... Removed 33 stack frames]]>
    </failure>
  </testcase> <!-- test1 -->
  <testcase classname="tests.Assertions_Hard" name="test2" time="0.0">
    <ignored/>
  </testcase> <!-- test2 -->
</testsuite> <!-- Default test(failed) -->
